<?xml version="1.0" encoding="UTF-8"?>
<!-- Generated by org.testng.reporters.JUnitReportReporter -->
<testsuite hostname="Pavan" failures="0" tests="20" name="com.huntcareer.qa.testcases.Login" time="1783.374" errors="1" timestamp="2025-07-29T22:47:10 IST" skipped="3">
  <testcase classname="com.huntcareer.qa.testcases.Login" name="TC_1_verifyWithValidDataUsingExcel" time="7.459"/>
  <testcase classname="com.huntcareer.qa.testcases.Login" name="TC_1_verifyWithValidDataUsingExcel" time="7.374"/>
  <testcase classname="com.huntcareer.qa.testcases.Login" name="TC_1_verifyWithValidDataUsingExcel" time="7.191"/>
  <testcase classname="com.huntcareer.qa.testcases.Login" name="TC_2_verifyWithInvalidData" time="7.157"/>
  <testcase classname="com.huntcareer.qa.testcases.Login" name="TC_3_verifyWithValidData" time="7.286"/>
  <testcase classname="com.huntcareer.qa.testcases.Login" name="TC_4_verifyShortPassword" time="7.132"/>
  <testcase classname="com.huntcareer.qa.testcases.Login" name="TC_5_verifyinvalidEmailAndValidPassword" time="7.259"/>
  <testcase classname="com.huntcareer.qa.testcases.Login" name="TC_6_verifyValidEmailAndInvalidPassword" time="7.210"/>
  <testcase classname="com.huntcareer.qa.testcases.Login" name="TC_7_verifyNoEmailAndNoPassword" time="6.795"/>
  <testcase classname="com.huntcareer.qa.testcases.Login" name="TC_8_verifyNoEmail" time="1626.354">
    <skipped/>
  </testcase> <!-- TC_8_verifyNoEmail -->
  <testcase classname="com.huntcareer.qa.testcases.Login" name="TC_8_verifyNoEmail" time="14.077">
    <error message="Expected condition failed: waiting for invisibility of [[ChromeDriver: chrome on windows (463c341713a8ff1438143d51a265b3cb)] -&gt; xpath: //div[contains(text(), &#039;Email is required.&#039;)]] (tried for 10 second(s) with 500 milliseconds interval)
Build info: version: &#039;4.28.1&#039;, revision: &#039;73f5ad48a2&#039;
System info: os.name: &#039;Windows 11&#039;, os.arch: &#039;amd64&#039;, os.version: &#039;10.0&#039;, java.version: &#039;23.0.1&#039;
Driver info: org.openqa.selenium.chrome.ChromeDriver
Capabilities {acceptInsecureCerts: false, browserName: chrome, browserVersion: 138.0.7204.169, chrome: {chromedriverVersion: 138.0.7204.168 (3e8d82e86e9..., userDataDir: C:\Users\pavan\AppData\Loca...}, fedcm:accounts: true, goog:chromeOptions: {debuggerAddress: localhost:55971}, networkConnectionEnabled: false, pageLoadStrategy: normal, platformName: windows, proxy: Proxy(), se:cdp: ws://localhost:55971/devtoo..., se:cdpVersion: 138.0.7204.169, setWindowRect: true, strictFileInteractability: false, timeouts: {implicit: 0, pageLoad: 300000, script: 30000}, unhandledPromptBehavior: dismiss and notify, webauthn:extension:credBlob: true, webauthn:extension:largeBlob: true, webauthn:extension:minPinLength: true, webauthn:extension:prf: true, webauthn:virtualAuthenticators: true}
Session ID: 463c341713a8ff1438143d51a265b3cb" type="org.openqa.selenium.TimeoutException">
      <![CDATA[org.openqa.selenium.TimeoutException: Expected condition failed: waiting for invisibility of [[ChromeDriver: chrome on windows (463c341713a8ff1438143d51a265b3cb)] -> xpath: //div[contains(text(), 'Email is required.')]] (tried for 10 second(s) with 500 milliseconds interval)
Build info: version: '4.28.1', revision: '73f5ad48a2'
System info: os.name: 'Windows 11', os.arch: 'amd64', os.version: '10.0', java.version: '23.0.1'
Driver info: org.openqa.selenium.chrome.ChromeDriver
Capabilities {acceptInsecureCerts: false, browserName: chrome, browserVersion: 138.0.7204.169, chrome: {chromedriverVersion: 138.0.7204.168 (3e8d82e86e9..., userDataDir: C:\Users\pavan\AppData\Loca...}, fedcm:accounts: true, goog:chromeOptions: {debuggerAddress: localhost:55971}, networkConnectionEnabled: false, pageLoadStrategy: normal, platformName: windows, proxy: Proxy(), se:cdp: ws://localhost:55971/devtoo..., se:cdpVersion: 138.0.7204.169, setWindowRect: true, strictFileInteractability: false, timeouts: {implicit: 0, pageLoad: 300000, script: 30000}, unhandledPromptBehavior: dismiss and notify, webauthn:extension:credBlob: true, webauthn:extension:largeBlob: true, webauthn:extension:minPinLength: true, webauthn:extension:prf: true, webauthn:virtualAuthenticators: true}
Session ID: 463c341713a8ff1438143d51a265b3cb
at org.openqa.selenium.support.ui.WebDriverWait.timeoutException(WebDriverWait.java:84)
at org.openqa.selenium.support.ui.FluentWait.until(FluentWait.java:228)
at com.huntcareer.qa.pages.LoginPage.verifyEmailIsRequired(LoginPage.java:73)
at com.huntcareer.qa.testcases.Login.TC_8_verifyNoEmail(Login.java:130)
at java.base/jdk.internal.reflect.DirectMethodHandleAccessor.invoke(DirectMethodHandleAccessor.java:103)
at java.base/java.lang.reflect.Method.invoke(Method.java:580)
at org.testng.internal.invokers.MethodInvocationHelper.invokeMethod(MethodInvocationHelper.java:141)
at org.testng.internal.invokers.TestInvoker.invokeMethod(TestInvoker.java:686)
at org.testng.internal.invokers.TestInvoker.retryFailed(TestInvoker.java:269)
at org.testng.internal.invokers.MethodRunner.runInSequence(MethodRunner.java:76)
at org.testng.internal.invokers.TestInvoker$MethodInvocationAgent.invoke(TestInvoker.java:992)
at org.testng.internal.invokers.TestInvoker.invokeTestMethods(TestInvoker.java:203)
at org.testng.internal.invokers.TestMethodWorker.invokeTestMethods(TestMethodWorker.java:154)
at org.testng.internal.invokers.TestMethodWorker.run(TestMethodWorker.java:134)
at java.base/java.util.ArrayList.forEach(ArrayList.java:1597)
at org.testng.TestRunner.privateRun(TestRunner.java:739)
at org.testng.TestRunner.run(TestRunner.java:614)
at org.testng.SuiteRunner.runTest(SuiteRunner.java:421)
at org.testng.SuiteRunner.runSequentially(SuiteRunner.java:413)
at org.testng.SuiteRunner.privateRun(SuiteRunner.java:373)
at org.testng.SuiteRunner.run(SuiteRunner.java:312)
at org.testng.SuiteRunnerWorker.runSuite(SuiteRunnerWorker.java:52)
at org.testng.SuiteRunnerWorker.run(SuiteRunnerWorker.java:95)
at org.testng.TestNG.runSuitesSequentially(TestNG.java:1274)
at org.testng.TestNG.runSuitesLocally(TestNG.java:1208)
at org.testng.TestNG.runSuites(TestNG.java:1112)
at org.testng.TestNG.run(TestNG.java:1079)
at org.testng.remote.AbstractRemoteTestNG.run(AbstractRemoteTestNG.java:115)
at org.testng.remote.RemoteTestNG.initAndRun(RemoteTestNG.java:293)
at org.testng.remote.RemoteTestNG.main(RemoteTestNG.java:91)
]]>
    </error>
  </testcase> <!-- TC_8_verifyNoEmail -->
  <testcase classname="com.huntcareer.qa.testcases.Login" name="TC_9_verifyNoPassword" time="13.781">
    <skipped/>
  </testcase> <!-- TC_9_verifyNoPassword -->
  <testcase classname="com.huntcareer.qa.testcases.Login" name="TC_9_verifyNoPassword" time="6.415"/>
  <testcase classname="com.huntcareer.qa.testcases.Login" name="TC_10_verifyEmailWithoutTopDomain" time="7.163"/>
  <testcase classname="com.huntcareer.qa.testcases.Login" name="TC_11_verifyEmailWithoutDomain" time="7.168"/>
  <testcase classname="com.huntcareer.qa.testcases.Login" name="TC_11_verifyEmailWithoutDomain" time="13.958">
    <skipped/>
  </testcase> <!-- TC_11_verifyEmailWithoutDomain -->
  <testcase classname="com.huntcareer.qa.testcases.Login" name="TC_12_verifyEmailWithoutUserName" time="7.000"/>
  <testcase classname="com.huntcareer.qa.testcases.Login" name="TC_13_verifyEmailWithDoubleAtTheRate" time="7.909"/>
  <testcase classname="com.huntcareer.qa.testcases.Login" name="TC_14_verifyEmailWithDotAfterUserName" time="7.411"/>
  <testcase classname="com.huntcareer.qa.testcases.Login" name="TC_15_verifyEmailWithDotInbetweenUserName" time="7.275"/>
</testsuite> <!-- com.huntcareer.qa.testcases.Login -->
